<?xml version="1.0" encoding="UTF-8"?>
<testsuites>
<testsuite timestamp="2026-08-02T16:51:40" hostname="macadam2-2.local" package="ternary_pipeline_stress_cover" id="0" name="default" tests="22" errors="0" failures="0" time="0" skipped="17">
<properties>
<property name="os" value="Darwin"/>
<property name="expect" value="PASS"/>
<property name="status" value="PASS"/>
</properties>
<testcase classname="default" name="build execution" time="0">
</testcase>
<testcase classname="default" name="Property ASSERT in ternary_pipeline_stress_formal at ternary_pipeline_stress_formal.v:231.13-231.40" time="0" type="ASSERT" location="ternary_pipeline_stress_formal.v:231.13-231.40" id="_witness_.check_assert_ternary_pipeline_stress_formal_v_231_168">
<skipped />
</testcase>
<testcase classname="default" name="Property ASSERT in ternary_pipeline_stress_formal at ternary_pipeline_stress_formal.v:234.21-234.103" time="0" type="ASSERT" location="ternary_pipeline_stress_formal.v:234.21-234.103" id="_witness_.check_assert_ternary_pipeline_stress_formal_v_234_170">
<skipped />
</testcase>
<testcase classname="default" name="Property ASSERT in ternary_pipeline_stress_formal at ternary_pipeline_stress_formal.v:234.21-234.103" time="0" type="ASSERT" location="ternary_pipeline_stress_formal.v:234.21-234.103" id="_witness_.check_assert_ternary_pipeline_stress_formal_v_234_172">
<skipped />
</testcase>
<testcase classname="default" name="Property ASSERT in ternary_pipeline_stress_formal at ternary_pipeline_stress_formal.v:246.13-246.42" time="0" type="ASSERT" location="ternary_pipeline_stress_formal.v:246.13-246.42" id="_witness_.check_assert_ternary_pipeline_stress_formal_v_246_178">
<skipped />
</testcase>
<testcase classname="default" name="Property ASSERT in ternary_pipeline_stress_formal at ternary_pipeline_stress_formal.v:252.13-252.42" time="0" type="ASSERT" location="ternary_pipeline_stress_formal.v:252.13-252.42" id="_witness_.check_assert_ternary_pipeline_stress_formal_v_252_185">
<skipped />
</testcase>
<testcase classname="default" name="Property COVER in ternary_pipeline_stress_formal at ternary_pipeline_stress_formal.v:258.13-258.29" time="0" type="COVER" location="ternary_pipeline_stress_formal.v:258.13-258.29" id="_witness_.check_cover_ternary_pipeline_stress_formal_v_258_190" tracefile="engine_0/trace1.vcd">
</testcase>
<testcase classname="default" name="Property COVER in ternary_pipeline_stress_formal at ternary_pipeline_stress_formal.v:259.13-259.72" time="0" type="COVER" location="ternary_pipeline_stress_formal.v:259.13-259.72" id="_witness_.check_cover_ternary_pipeline_stress_formal_v_259_191" tracefile="engine_0/trace2.vcd">
</testcase>
<testcase classname="default" name="Property COVER in ternary_pipeline_stress_formal at ternary_pipeline_stress_formal.v:260.13-260.72" time="0" type="COVER" location="ternary_pipeline_stress_formal.v:260.13-260.72" id="_witness_.check_cover_ternary_pipeline_stress_formal_v_260_194" tracefile="engine_0/trace2.vcd">
</testcase>
<testcase classname="default" name="Property COVER in ternary_pipeline_stress_formal at ternary_pipeline_stress_formal.v:261.13-261.80" time="0" type="COVER" location="ternary_pipeline_stress_formal.v:261.13-261.80" id="_witness_.check_cover_ternary_pipeline_stress_formal_v_261_197" tracefile="engine_0/trace3.vcd">
</testcase>
<testcase classname="default" name="Property COVER in ternary_pipeline_stress_formal at ternary_pipeline_stress_formal.v:262.13-262.37" time="0" type="COVER" location="ternary_pipeline_stress_formal.v:262.13-262.37" id="_witness_.check_cover_ternary_pipeline_stress_formal_v_262_200" tracefile="engine_0/trace0.vcd">
</testcase>
<testcase classname="default" name="Property ASSERT in ternary_pipeline_stress_formal at ternary_dot.v:109.13-109.46" time="0" type="ASSERT" location="ternary_dot.v:109.13-109.46" id="_witness_.check_flatten_dut__gemm__dot_gen_0__dot_i__assert_ternary_dot_v_109_284">
<skipped />
</testcase>
<testcase classname="default" name="Property ASSERT in ternary_pipeline_stress_formal at ternary_dot.v:120.13-120.30" time="0" type="ASSERT" location="ternary_dot.v:120.13-120.30" id="_witness_.check_flatten_dut__gemm__dot_gen_0__dot_i__assert_ternary_dot_v_120_293">
<skipped />
</testcase>
<testcase classname="default" name="Property ASSERT in ternary_pipeline_stress_formal at ternary_dot.v:126.13-126.32" time="0" type="ASSERT" location="ternary_dot.v:126.13-126.32" id="_witness_.check_flatten_dut__gemm__dot_gen_0__dot_i__assert_ternary_dot_v_126_296">
<skipped />
</testcase>
<testcase classname="default" name="Property ASSERT in ternary_pipeline_stress_formal at ternary_dot.v:130.13-130.40" time="0" type="ASSERT" location="ternary_dot.v:130.13-130.40" id="_witness_.check_flatten_dut__gemm__dot_gen_0__dot_i__assert_ternary_dot_v_130_299">
<skipped />
</testcase>
<testcase classname="default" name="Property ASSERT in ternary_pipeline_stress_formal at ternary_dot.v:94.13-94.35" time="0" type="ASSERT" location="ternary_dot.v:94.13-94.35" id="_witness_.check_flatten_dut__gemm__dot_gen_0__dot_i__assert_ternary_dot_v_94_276">
<skipped />
</testcase>
<testcase classname="default" name="Property ASSERT in ternary_pipeline_stress_formal at ternary_dot.v:98.13-98.40" time="0" type="ASSERT" location="ternary_dot.v:98.13-98.40" id="_witness_.check_flatten_dut__gemm__dot_gen_0__dot_i__assert_ternary_dot_v_98_279">
<skipped />
</testcase>
<testcase classname="default" name="Property ASSERT in ternary_pipeline_stress_formal at ternary_dot.v:109.13-109.46" time="0" type="ASSERT" location="ternary_dot.v:109.13-109.46" id="_witness_.check_flatten_dut__gemm__dot_gen_1__dot_i__assert_ternary_dot_v_109_284">
<skipped />
</testcase>
<testcase classname="default" name="Property ASSERT in ternary_pipeline_stress_formal at ternary_dot.v:120.13-120.30" time="0" type="ASSERT" location="ternary_dot.v:120.13-120.30" id="_witness_.check_flatten_dut__gemm__dot_gen_1__dot_i__assert_ternary_dot_v_120_293">
<skipped />
</testcase>
<testcase classname="default" name="Property ASSERT in ternary_pipeline_stress_formal at ternary_dot.v:126.13-126.32" time="0" type="ASSERT" location="ternary_dot.v:126.13-126.32" id="_witness_.check_flatten_dut__gemm__dot_gen_1__dot_i__assert_ternary_dot_v_126_296">
<skipped />
</testcase>
<testcase classname="default" name="Property ASSERT in ternary_pipeline_stress_formal at ternary_dot.v:130.13-130.40" time="0" type="ASSERT" location="ternary_dot.v:130.13-130.40" id="_witness_.check_flatten_dut__gemm__dot_gen_1__dot_i__assert_ternary_dot_v_130_299">
<skipped />
</testcase>
<testcase classname="default" name="Property ASSERT in ternary_pipeline_stress_formal at ternary_dot.v:94.13-94.35" time="0" type="ASSERT" location="ternary_dot.v:94.13-94.35" id="_witness_.check_flatten_dut__gemm__dot_gen_1__dot_i__assert_ternary_dot_v_94_276">
<skipped />
</testcase>
<testcase classname="default" name="Property ASSERT in ternary_pipeline_stress_formal at ternary_dot.v:98.13-98.40" time="0" type="ASSERT" location="ternary_dot.v:98.13-98.40" id="_witness_.check_flatten_dut__gemm__dot_gen_1__dot_i__assert_ternary_dot_v_98_279">
<skipped />
</testcase>
<system-out>SBY 16:51:40 [ternary_pipeline_stress_cover] Removing directory '/Users/vincent/Work/ternarycore/.worktrees/rtl/formal/ternary_pipeline_stress_cover'.
SBY 16:51:40 [ternary_pipeline_stress_cover] Copy '/Users/vincent/Work/ternarycore/.worktrees/rtl/formal/../rtl/activation_quant.v' to '/Users/vincent/Work/ternarycore/.worktrees/rtl/formal/ternary_pipeline_stress_cover/src/activation_quant.v'.
SBY 16:51:40 [ternary_pipeline_stress_cover] Copy '/Users/vincent/Work/ternarycore/.worktrees/rtl/formal/../rtl/ternary_dot.v' to '/Users/vincent/Work/ternarycore/.worktrees/rtl/formal/ternary_pipeline_stress_cover/src/ternary_dot.v'.
SBY 16:51:40 [ternary_pipeline_stress_cover] Copy '/Users/vincent/Work/ternarycore/.worktrees/rtl/formal/../rtl/ternary_defines.vh' to '/Users/vincent/Work/ternarycore/.worktrees/rtl/formal/ternary_pipeline_stress_cover/src/ternary_defines.vh'.
SBY 16:51:40 [ternary_pipeline_stress_cover] Copy '/Users/vincent/Work/ternarycore/.worktrees/rtl/formal/../rtl/ternary_gemm.v' to '/Users/vincent/Work/ternarycore/.worktrees/rtl/formal/ternary_pipeline_stress_cover/src/ternary_gemm.v'.
SBY 16:51:40 [ternary_pipeline_stress_cover] Copy '/Users/vincent/Work/ternarycore/.worktrees/rtl/formal/../rtl/ternary_scale.v' to '/Users/vincent/Work/ternarycore/.worktrees/rtl/formal/ternary_pipeline_stress_cover/src/ternary_scale.v'.
SBY 16:51:40 [ternary_pipeline_stress_cover] Copy '/Users/vincent/Work/ternarycore/.worktrees/rtl/formal/../rtl/ternary_pipeline.v' to '/Users/vincent/Work/ternarycore/.worktrees/rtl/formal/ternary_pipeline_stress_cover/src/ternary_pipeline.v'.
SBY 16:51:40 [ternary_pipeline_stress_cover] Copy '/Users/vincent/Work/ternarycore/.worktrees/rtl/formal/ternary_pipeline_stress_formal.v' to '/Users/vincent/Work/ternarycore/.worktrees/rtl/formal/ternary_pipeline_stress_cover/src/ternary_pipeline_stress_formal.v'.
SBY 16:51:40 [ternary_pipeline_stress_cover] engine_0: smtbmc
SBY 16:51:40 [ternary_pipeline_stress_cover] base: starting process &quot;cd ternary_pipeline_stress_cover/src; yosys -ql ../model/design.log ../model/design.ys&quot;
SBY 16:51:40 [ternary_pipeline_stress_cover] base: Warning: Replacing memory \s_prod with list of registers. See ternary_pipeline_stress_formal.v:204
SBY 16:51:40 [ternary_pipeline_stress_cover] base: Warning: Replacing memory \pwin with list of registers. See ternary_pipeline_stress_formal.v:152
SBY 16:51:40 [ternary_pipeline_stress_cover] base: Warning: Replacing memory \acc_sum with list of registers. See ternary_pipeline_stress_formal.v:150
SBY 16:51:40 [ternary_pipeline_stress_cover] base: Warning: Replacing memory \psum with list of registers. See ternary_pipeline_stress_formal.v:149
SBY 16:51:40 [ternary_pipeline_stress_cover] base: Warning: Replacing memory \prod with list of registers. See ternary_scale.v:30
SBY 16:51:40 [ternary_pipeline_stress_cover] base: finished (returncode=0)
SBY 16:51:40 [ternary_pipeline_stress_cover] prep: starting process &quot;cd ternary_pipeline_stress_cover/model; yosys -ql design_prep.log design_prep.ys&quot;
SBY 16:51:40 [ternary_pipeline_stress_cover] prep: finished (returncode=0)
SBY 16:51:40 [ternary_pipeline_stress_cover] smt2: starting process &quot;cd ternary_pipeline_stress_cover/model; yosys -ql design_smt2.log design_smt2.ys&quot;
SBY 16:51:40 [ternary_pipeline_stress_cover] smt2: finished (returncode=0)
SBY 16:51:40 [ternary_pipeline_stress_cover] engine_0: starting process &quot;cd ternary_pipeline_stress_cover; yosys-smtbmc --presat --unroll -c --noprogress -t 20  --append 0 --dump-vcd engine_0/trace%.vcd --dump-yw engine_0/trace%.yw --dump-vlogtb engine_0/trace%_tb.v --dump-smtc engine_0/trace%.smtc model/design_smt2.smt2&quot;
SBY 16:51:40 [ternary_pipeline_stress_cover] engine_0: ##   0:00:00  Solver: yices
SBY 16:51:40 [ternary_pipeline_stress_cover] engine_0: ##   0:00:00  Checking cover reachability in step 0..
SBY 16:51:40 [ternary_pipeline_stress_cover] engine_0: ##   0:00:00  Checking cover reachability in step 1..
SBY 16:51:40 [ternary_pipeline_stress_cover] engine_0: ##   0:00:00  Checking cover reachability in step 2..
SBY 16:51:40 [ternary_pipeline_stress_cover] engine_0: ##   0:00:00  Checking cover reachability in step 3..
SBY 16:51:40 [ternary_pipeline_stress_cover] engine_0: ##   0:00:00  Checking cover reachability in step 4..
SBY 16:51:40 [ternary_pipeline_stress_cover] engine_0: ##   0:00:00  Checking cover reachability in step 5..
SBY 16:51:40 [ternary_pipeline_stress_cover] engine_0: ##   0:00:00  Checking cover reachability in step 6..
SBY 16:51:40 [ternary_pipeline_stress_cover] engine_0: ##   0:00:00  Checking cover reachability in step 7..
SBY 16:51:40 [ternary_pipeline_stress_cover] engine_0: ##   0:00:00  Reached cover statement in step 7 at ternary_pipeline_stress_formal: ternary_pipeline_stress_formal.v:262.13-262.37 (_witness_.check_cover_ternary_pipeline_stress_formal_v_262_200)
SBY 16:51:40 [ternary_pipeline_stress_cover] engine_0: ##   0:00:00  Writing trace to VCD file: engine_0/trace0.vcd
SBY 16:51:40 [ternary_pipeline_stress_cover] engine_0: ##   0:00:00  Writing trace to Verilog testbench: engine_0/trace0_tb.v
SBY 16:51:40 [ternary_pipeline_stress_cover] engine_0: ##   0:00:00  Writing trace to constraints file: engine_0/trace0.smtc
SBY 16:51:40 [ternary_pipeline_stress_cover] engine_0: ##   0:00:00  Writing trace to Yosys witness file: engine_0/trace0.yw
SBY 16:51:40 [ternary_pipeline_stress_cover] engine_0: ##   0:00:00  Checking cover reachability in step 7..
SBY 16:51:40 [ternary_pipeline_stress_cover] engine_0: ##   0:00:00  Checking cover reachability in step 8..
SBY 16:51:40 [ternary_pipeline_stress_cover] engine_0: ##   0:00:00  Checking cover reachability in step 9..
SBY 16:51:40 [ternary_pipeline_stress_cover] engine_0: ##   0:00:00  Checking cover reachability in step 10..
SBY 16:51:40 [ternary_pipeline_stress_cover] engine_0: ##   0:00:00  Checking cover reachability in step 11..
SBY 16:51:40 [ternary_pipeline_stress_cover] engine_0: ##   0:00:00  Reached cover statement in step 11 at ternary_pipeline_stress_formal: ternary_pipeline_stress_formal.v:258.13-258.29 (_witness_.check_cover_ternary_pipeline_stress_formal_v_258_190)
SBY 16:51:40 [ternary_pipeline_stress_cover] engine_0: ##   0:00:00  Writing trace to VCD file: engine_0/trace1.vcd
SBY 16:51:40 [ternary_pipeline_stress_cover] engine_0: ##   0:00:00  Writing trace to Verilog testbench: engine_0/trace1_tb.v
SBY 16:51:40 [ternary_pipeline_stress_cover] engine_0: ##   0:00:00  Writing trace to constraints file: engine_0/trace1.smtc
SBY 16:51:40 [ternary_pipeline_stress_cover] engine_0: ##   0:00:00  Writing trace to Yosys witness file: engine_0/trace1.yw
SBY 16:51:40 [ternary_pipeline_stress_cover] engine_0: ##   0:00:00  Checking cover reachability in step 11..
SBY 16:51:40 [ternary_pipeline_stress_cover] engine_0: ##   0:00:00  Reached cover statement in step 11 at ternary_pipeline_stress_formal: ternary_pipeline_stress_formal.v:259.13-259.72 (_witness_.check_cover_ternary_pipeline_stress_formal_v_259_191)
SBY 16:51:40 [ternary_pipeline_stress_cover] engine_0: ##   0:00:00  Reached cover statement in step 11 at ternary_pipeline_stress_formal: ternary_pipeline_stress_formal.v:260.13-260.72 (_witness_.check_cover_ternary_pipeline_stress_formal_v_260_194)
SBY 16:51:40 [ternary_pipeline_stress_cover] engine_0: ##   0:00:00  Writing trace to VCD file: engine_0/trace2.vcd
SBY 16:51:40 [ternary_pipeline_stress_cover] engine_0: ##   0:00:00  Writing trace to Verilog testbench: engine_0/trace2_tb.v
SBY 16:51:40 [ternary_pipeline_stress_cover] engine_0: ##   0:00:00  Writing trace to constraints file: engine_0/trace2.smtc
SBY 16:51:40 [ternary_pipeline_stress_cover] engine_0: ##   0:00:00  Writing trace to Yosys witness file: engine_0/trace2.yw
SBY 16:51:40 [ternary_pipeline_stress_cover] engine_0: ##   0:00:00  Checking cover reachability in step 11..
SBY 16:51:40 [ternary_pipeline_stress_cover] engine_0: ##   0:00:00  Reached cover statement in step 11 at ternary_pipeline_stress_formal: ternary_pipeline_stress_formal.v:261.13-261.80 (_witness_.check_cover_ternary_pipeline_stress_formal_v_261_197)
SBY 16:51:40 [ternary_pipeline_stress_cover] engine_0: ##   0:00:00  Writing trace to VCD file: engine_0/trace3.vcd
SBY 16:51:40 [ternary_pipeline_stress_cover] engine_0: ##   0:00:00  Writing trace to Verilog testbench: engine_0/trace3_tb.v
SBY 16:51:40 [ternary_pipeline_stress_cover] engine_0: ##   0:00:00  Writing trace to constraints file: engine_0/trace3.smtc
SBY 16:51:40 [ternary_pipeline_stress_cover] engine_0: ##   0:00:00  Writing trace to Yosys witness file: engine_0/trace3.yw
SBY 16:51:40 [ternary_pipeline_stress_cover] engine_0: ##   0:00:00  Status: passed
SBY 16:51:40 [ternary_pipeline_stress_cover] engine_0: finished (returncode=0)
SBY 16:51:40 [ternary_pipeline_stress_cover] engine_0: Status returned by engine: pass
SBY 16:51:40 [ternary_pipeline_stress_cover] summary: Elapsed clock time [H:MM:SS (secs)]: 0:00:00 (0)
SBY 16:51:40 [ternary_pipeline_stress_cover] summary: Elapsed process time [H:MM:SS (secs)]: 0:00:00 (0)
SBY 16:51:40 [ternary_pipeline_stress_cover] summary: engine_0 (smtbmc) returned pass
SBY 16:51:40 [ternary_pipeline_stress_cover] summary: cover trace: ternary_pipeline_stress_cover/engine_0/trace0.vcd
SBY 16:51:40 [ternary_pipeline_stress_cover] summary:   reached cover statement ternary_pipeline_stress_formal._witness_.check_cover_ternary_pipeline_stress_formal_v_262_200 at ternary_pipeline_stress_formal.v:262.13-262.37 step 7
SBY 16:51:40 [ternary_pipeline_stress_cover] summary: cover trace: ternary_pipeline_stress_cover/engine_0/trace1.vcd
SBY 16:51:40 [ternary_pipeline_stress_cover] summary:   reached cover statement ternary_pipeline_stress_formal._witness_.check_cover_ternary_pipeline_stress_formal_v_258_190 at ternary_pipeline_stress_formal.v:258.13-258.29 step 11
SBY 16:51:40 [ternary_pipeline_stress_cover] summary: cover trace: ternary_pipeline_stress_cover/engine_0/trace2.vcd
SBY 16:51:40 [ternary_pipeline_stress_cover] summary:   reached cover statement ternary_pipeline_stress_formal._witness_.check_cover_ternary_pipeline_stress_formal_v_259_191 at ternary_pipeline_stress_formal.v:259.13-259.72 step 11
SBY 16:51:40 [ternary_pipeline_stress_cover] summary:   reached cover statement ternary_pipeline_stress_formal._witness_.check_cover_ternary_pipeline_stress_formal_v_260_194 at ternary_pipeline_stress_formal.v:260.13-260.72 step 11
SBY 16:51:40 [ternary_pipeline_stress_cover] summary: cover trace: ternary_pipeline_stress_cover/engine_0/trace3.vcd
SBY 16:51:40 [ternary_pipeline_stress_cover] summary:   reached cover statement ternary_pipeline_stress_formal._witness_.check_cover_ternary_pipeline_stress_formal_v_261_197 at ternary_pipeline_stress_formal.v:261.13-261.80 step 11
SBY 16:51:40 [ternary_pipeline_stress_cover] DONE (PASS, rc=0)
</system-out>
<system-err>
</system-err>
</testsuite>
</testsuites>
